{
  "RSpec": {
    "coverage": {
      "/home/adaptable-illustrator-5739/tic-tac-toe-rb-ruby-apply-000/lib/tic_tac_toe.rb": [
        null,
        1,
        null,
        null,
        null,
        null,
        null,
        null,
        null,
        null,
        null,
        null,
        1,
        5,
        5,
        5,
        5,
        5,
        null,
        null,
        1,
        3,
        null,
        null,
        1,
        6,
        18,
        null,
        null,
        null,
        1,
        11,
        7,
        null,
        4,
        null,
        null,
        null,
        1,
        20077,
        20077,
        4,
        null,
        20073,
        10,
        null,
        20063,
        null,
        20063,
        null,
        null,
        null,
        1,
        10036,
        10035,
        10035,
        10035,
        10035,
        10032,
        null,
        4,
        3,
        3,
        null,
        null,
        null,
        null,
        null,
        null,
        1,
        1,
        1,
        2,
        1,
        null,
        null,
        null,
        1,
        5,
        45,
        null,
        5,
        null,
        null,
        1,
        4,
        4,
        0,
        null,
        4,
        null,
        null,
        null,
        null,
        1,
        null,
        59,
        null,
        null,
        1,
        7,
        3,
        null,
        null,
        null,
        null,
        null,
        1,
        3,
        null,
        null,
        1,
        11,
        71,
        null,
        null,
        null,
        null,
        null,
        1,
        3,
        2,
        null,
        null
      ]
    },
    "timestamp": 1598400738
  }
}
